<?xml version="1.0" encoding="UTF-8"?>
<!-- Generated by org.testng.reporters.JUnitReportReporter -->
<testsuite hostname="DESKTOP-EPS7FTC" failures="0" tests="1" name="Quality_TestRunner.Quality_TestRunner" time="11.628" errors="0" timestamp="2023-08-18T13:50:38 CDT" skipped="0">
  <testcase classname="Quality_TestRunner.Quality_TestRunner" name="feature" time="11.628"/>
  <system-out/>
</testsuite> <!-- Quality_TestRunner.Quality_TestRunner -->
